# JRE version: OpenJDK Runtime Environment (8.0_152-b01) (build 1.8.0_152-release-1343-b01)
# Java VM: OpenJDK 64-Bit Server VM (25.152-b01 mixed mode windows-amd64 compressed oops)
Heap:
 PSYoungGen      total 461824K, used 200300K [0x00000000e0000000, 0x0000000100000000, 0x0000000100000000)
  eden space 408576K, 38% used [0x00000000e0000000,0x00000000e98dedb8,0x00000000f8f00000)
  from space 53248K, 82% used [0x00000000fcc00000,0x00000000ff6bc480,0x0000000100000000)
  to   space 57856K, 0% used [0x00000000f8f00000,0x00000000f8f00000,0x00000000fc780000)
 ParOldGen       total 128000K, used 67720K [0x00000000a0000000, 0x00000000a7d00000, 0x00000000e0000000)
  object space 128000K, 52% used [0x00000000a0000000,0x00000000a4222010,0x00000000a7d00000)
 Metaspace       used 103982K, capacity 110716K, committed 110872K, reserved 1146880K
  class space    used 12988K, capacity 14064K, committed 14120K, reserved 1048576K
GC Heap History (10 events):
Event: 3453.553 GC heap before
{Heap before GC invocations=30 (full 4):
 PSYoungGen      total 379392K, used 378022K [0x00000000e0000000, 0x00000000fbe80000, 0x0000000100000000)
  eden space 340992K, 100% used [0x00000000e0000000,0x00000000f4d00000,0x00000000f4d00000)
  from space 38400K, 96% used [0x00000000f4d00000,0x00000000f7129a08,0x00000000f7280000)
  to   space 44032K, 0% used [0x00000000f9380000,0x00000000f9380000,0x00000000fbe80000)
 ParOldGen       total 128000K, used 67680K [0x00000000a0000000, 0x00000000a7d00000, 0x00000000e0000000)
  object space 128000K, 52% used [0x00000000a0000000,0x00000000a4218010,0x00000000a7d00000)
 Metaspace       used 101971K, capacity 107024K, committed 107288K, reserved 1142784K
  class space    used 12726K, capacity 13584K, committed 13608K, reserved 1048576K
Event: 3453.669 GC heap after
Heap after GC invocations=30 (full 4):
 PSYoungGen      total 408064K, used 35387K [0x00000000e0000000, 0x00000000fbf80000, 0x0000000100000000)
  eden space 364032K, 0% used [0x00000000e0000000,0x00000000e0000000,0x00000000f6380000)
  from space 44032K, 80% used [0x00000000f9380000,0x00000000fb60efb0,0x00000000fbe80000)
  to   space 47104K, 0% used [0x00000000f6380000,0x00000000f6380000,0x00000000f9180000)
 ParOldGen       total 128000K, used 67688K [0x00000000a0000000, 0x00000000a7d00000, 0x00000000e0000000)
  object space 128000K, 52% used [0x00000000a0000000,0x00000000a421a010,0x00000000a7d00000)
 Metaspace       used 101971K, capacity 107024K, committed 107288K, reserved 1142784K
  class space    used 12726K, capacity 13584K, committed 13608K, reserved 1048576K
}
Event: 3881.409 GC heap before
{Heap before GC invocations=31 (full 4):
 PSYoungGen      total 408064K, used 399419K [0x00000000e0000000, 0x00000000fbf80000, 0x0000000100000000)
  eden space 364032K, 100% used [0x00000000e0000000,0x00000000f6380000,0x00000000f6380000)
  from space 44032K, 80% used [0x00000000f9380000,0x00000000fb60efb0,0x00000000fbe80000)
  to   space 47104K, 0% used [0x00000000f6380000,0x00000000f6380000,0x00000000f9180000)
 ParOldGen       total 128000K, used 67688K [0x00000000a0000000, 0x00000000a7d00000, 0x00000000e0000000)
  object space 128000K, 52% used [0x00000000a0000000,0x00000000a421a010,0x00000000a7d00000)
 Metaspace       used 102229K, capacity 107382K, committed 107672K, reserved 1142784K
  class space    used 12740K, capacity 13609K, committed 13736K, reserved 1048576K
Event: 3881.721 GC heap after
Heap after GC invocations=31 (full 4):
 PSYoungGen      total 411136K, used 33636K [0x00000000e0000000, 0x00000000fd880000, 0x0000000100000000)
  eden space 364032K, 0% used [0x00000000e0000000,0x00000000e0000000,0x00000000f6380000)
  from space 47104K, 71% used [0x00000000f6380000,0x00000000f8459148,0x00000000f9180000)
  to   space 49664K, 0% used [0x00000000fa800000,0x00000000fa800000,0x00000000fd880000)
 ParOldGen       total 128000K, used 67696K [0x00000000a0000000, 0x00000000a7d00000, 0x00000000e0000000)
  object space 128000K, 52% used [0x00000000a0000000,0x00000000a421c010,0x00000000a7d00000)
 Metaspace       used 102229K, capacity 107382K, committed 107672K, reserved 1142784K
  class space    used 12740K, capacity 13609K, committed 13736K, reserved 1048576K
}
Event: 4252.649 GC heap before
{Heap before GC invocations=32 (full 4):
 PSYoungGen      total 411136K, used 397668K [0x00000000e0000000, 0x00000000fd880000, 0x0000000100000000)
  eden space 364032K, 100% used [0x00000000e0000000,0x00000000f6380000,0x00000000f6380000)
  from space 47104K, 71% used [0x00000000f6380000,0x00000000f8459148,0x00000000f9180000)
  to   space 49664K, 0% used [0x00000000fa800000,0x00000000fa800000,0x00000000fd880000)
 ParOldGen       total 128000K, used 67696K [0x00000000a0000000, 0x00000000a7d00000, 0x00000000e0000000)
  object space 128000K, 52% used [0x00000000a0000000,0x00000000a421c010,0x00000000a7d00000)
 Metaspace       used 103144K, capacity 109388K, committed 109464K, reserved 1144832K
  class space    used 12908K, capacity 13920K, committed 13992K, reserved 1048576K
Event: 4256.885 GC heap after
Heap after GC invocations=32 (full 4):
 PSYoungGen      total 433664K, used 31361K [0x00000000e0000000, 0x00000000fde80000, 0x0000000100000000)
  eden space 384000K, 0% used [0x00000000e0000000,0x00000000e0000000,0x00000000f7700000)
  from space 49664K, 63% used [0x00000000fa800000,0x00000000fc6a06b0,0x00000000fd880000)
  to   space 50176K, 0% used [0x00000000f7700000,0x00000000f7700000,0x00000000fa800000)
 ParOldGen       total 128000K, used 67704K [0x00000000a0000000, 0x00000000a7d00000, 0x00000000e0000000)
  object space 128000K, 52% used [0x00000000a0000000,0x00000000a421e010,0x00000000a7d00000)
 Metaspace       used 103144K, capacity 109388K, committed 109464K, reserved 1144832K
  class space    used 12908K, capacity 13920K, committed 13992K, reserved 1048576K
}
Event: 4314.995 GC heap before
{Heap before GC invocations=33 (full 4):
 PSYoungGen      total 433664K, used 415361K [0x00000000e0000000, 0x00000000fde80000, 0x0000000100000000)
  eden space 384000K, 100% used [0x00000000e0000000,0x00000000f7700000,0x00000000f7700000)
  from space 49664K, 63% used [0x00000000fa800000,0x00000000fc6a06b0,0x00000000fd880000)
  to   space 50176K, 0% used [0x00000000f7700000,0x00000000f7700000,0x00000000fa800000)
 ParOldGen       total 128000K, used 67704K [0x00000000a0000000, 0x00000000a7d00000, 0x00000000e0000000)
  object space 128000K, 52% used [0x00000000a0000000,0x00000000a421e010,0x00000000a7d00000)
 Metaspace       used 103477K, capacity 109878K, committed 109976K, reserved 1144832K
  class space    used 12930K, capacity 13957K, committed 13992K, reserved 1048576K
Event: 4316.608 GC heap after
Heap after GC invocations=33 (full 4):
 PSYoungGen      total 434176K, used 38769K [0x00000000e0000000, 0x0000000100000000, 0x0000000100000000)
  eden space 384000K, 0% used [0x00000000e0000000,0x00000000e0000000,0x00000000f7700000)
  from space 50176K, 77% used [0x00000000f7700000,0x00000000f9cdc488,0x00000000fa800000)
  to   space 53248K, 0% used [0x00000000fcc00000,0x00000000fcc00000,0x0000000100000000)
 ParOldGen       total 128000K, used 67712K [0x00000000a0000000, 0x00000000a7d00000, 0x00000000e0000000)
  object space 128000K, 52% used [0x00000000a0000000,0x00000000a4220010,0x00000000a7d00000)
 Metaspace       used 103477K, capacity 109878K, committed 109976K, reserved 1144832K
  class space    used 12930K, capacity 13957K, committed 13992K, reserved 1048576K
}
Event: 4565.600 GC heap before
{Heap before GC invocations=34 (full 4):
 PSYoungGen      total 434176K, used 421775K [0x00000000e0000000, 0x0000000100000000, 0x0000000100000000)
  eden space 384000K, 99% used [0x00000000e0000000,0x00000000f7607b50,0x00000000f7700000)
  from space 50176K, 77% used [0x00000000f7700000,0x00000000f9cdc488,0x00000000fa800000)
  to   space 53248K, 0% used [0x00000000fcc00000,0x00000000fcc00000,0x0000000100000000)
 ParOldGen       total 128000K, used 67712K [0x00000000a0000000, 0x00000000a7d00000, 0x00000000e0000000)
  object space 128000K, 52% used [0x00000000a0000000,0x00000000a4220010,0x00000000a7d00000)
 Metaspace       used 103861K, capacity 110514K, committed 110616K, reserved 1146880K
  class space    used 12975K, capacity 14041K, committed 14120K, reserved 1048576K
Event: 4568.276 GC heap after
Heap after GC invocations=34 (full 4):
 PSYoungGen      total 461824K, used 43761K [0x00000000e0000000, 0x0000000100000000, 0x0000000100000000)
  eden space 408576K, 0% used [0x00000000e0000000,0x00000000e0000000,0x00000000f8f00000)
  from space 53248K, 82% used [0x00000000fcc00000,0x00000000ff6bc480,0x0000000100000000)
  to   space 57856K, 0% used [0x00000000f8f00000,0x00000000f8f00000,0x00000000fc780000)
 ParOldGen       total 128000K, used 67720K [0x00000000a0000000, 0x00000000a7d00000, 0x00000000e0000000)
  object space 128000K, 52% used [0x00000000a0000000,0x00000000a4222010,0x00000000a7d00000)
 Metaspace       used 103861K, capacity 110514K, committed 110616K, reserved 1146880K
  class space    used 12975K, capacity 14041K, committed 14120K, reserved 1048576K
}

